<?xml version="1.0" encoding="UTF-8"?>
<!-- Generated by org.testng.reporters.JUnitXMLReporter -->
<testsuite hostname="sakthivel-PC" name="Regression suite" tests="7" failures="0" timestamp="3 Oct 2016 14:38:56 GMT" time="442.15" errors="0">
  <testcase name="ApplicationSubmit" time="43.543" classname="ExecutionEngine.ApplicationSubmitTest"/>
  <testcase name="ApplicationRMI" time="46.339" classname="ExecutionEngine.ApplicationSubmitTest"/>
  <testcase name="ApplicationReSubmit" time="31.827" classname="ExecutionEngine.ApplicationSubmitTest"/>
  <testcase name="ApplicationApproval" time="32.068" classname="ExecutionEngine.ApplicationSubmitTest"/>
  <testcase name="AwdUserRMI" time="44.892" classname="ExecutionEngine.awdUserAppReview"/>
  <testcase name="ApplicationReSubmit" time="44.824" classname="ExecutionEngine.awdUserAppReview"/>
  <testcase name="AwdUserAppApproval" time="112.371" classname="ExecutionEngine.awdUserAppReview"/>
</testsuite> <!-- Regression suite -->
