<?xml version="1.0" encoding="UTF-8"?>
<!-- Generated by org.testng.reporters.JUnitXMLReporter -->
<testsuite hostname="sakthivel-PC" name="Default test" tests="3" failures="0" timestamp="3 Oct 2016 14:30:33 GMT" time="233.964" errors="0">
  <testcase name="AwdUserRMI" time="44.633" classname="ExecutionEngine.awdUserAppReview"/>
  <testcase name="ApplicationReSubmit" time="31.274" classname="ExecutionEngine.awdUserAppReview"/>
  <testcase name="AwdUserAppApproval" time="131.793" classname="ExecutionEngine.awdUserAppReview"/>
</testsuite> <!-- Default test -->
