<?xml version="1.0" encoding="UTF-8"?>
<testng-results skipped="0" failed="0" total="1" passed="1">
  <reporter-output>
  </reporter-output>
  <suite name="Default suite" duration-ms="73934" started-at="2016-10-05T13:20:52Z" finished-at="2016-10-05T13:22:06Z">
    <groups>
    </groups>
    <test name="Default test" duration-ms="73934" started-at="2016-10-05T13:20:52Z" finished-at="2016-10-05T13:22:06Z">
      <class name="ExecutionEngine.awdUserEventsReview">
        <test-method status="PASS" signature="beforeMethod()[pri:0, instance:ExecutionEngine.awdUserEventsReview@14b9e0c]" name="beforeMethod" is-config="true" duration-ms="12420" started-at="2016-10-05T18:50:52Z" finished-at="2016-10-05T18:51:05Z">
          <reporter-output>
          </reporter-output>
        </test-method> <!-- beforeMethod -->
        <test-method status="PASS" signature="AwdUserEventApproval()[pri:6, instance:ExecutionEngine.awdUserEventsReview@14b9e0c]" name="AwdUserEventApproval" duration-ms="60492" started-at="2016-10-05T18:51:05Z" finished-at="2016-10-05T18:52:05Z">
          <reporter-output>
          </reporter-output>
        </test-method> <!-- AwdUserEventApproval -->
        <test-method status="PASS" signature="afterMethod()[pri:0, instance:ExecutionEngine.awdUserEventsReview@14b9e0c]" name="afterMethod" is-config="true" duration-ms="1007" started-at="2016-10-05T18:52:05Z" finished-at="2016-10-05T18:52:06Z">
          <reporter-output>
          </reporter-output>
        </test-method> <!-- afterMethod -->
      </class> <!-- ExecutionEngine.awdUserEventsReview -->
    </test> <!-- Default test -->
  </suite> <!-- Default suite -->
</testng-results>
