<?xml version="1.0" encoding="UTF-8"?>
<testng-results skipped="0" failed="0" total="1" passed="1">
  <reporter-output>
  </reporter-output>
  <suite name="Default suite" duration-ms="62302" started-at="2016-09-28T14:14:50Z" finished-at="2016-09-28T14:15:53Z">
    <groups>
    </groups>
    <test name="Default test" duration-ms="62302" started-at="2016-09-28T14:14:50Z" finished-at="2016-09-28T14:15:53Z">
      <class name="ExecutionEngine.ApplicationSubmitTest">
        <test-method status="PASS" signature="SignIn()[pri:0, instance:ExecutionEngine.ApplicationSubmitTest@594680]" name="SignIn" is-config="true" duration-ms="16992" started-at="2016-09-28T19:44:50Z" finished-at="2016-09-28T19:45:07Z">
          <reporter-output>
          </reporter-output>
        </test-method> <!-- SignIn -->
        <test-method status="PASS" signature="ApplicationSubmit()[pri:0, instance:ExecutionEngine.ApplicationSubmitTest@594680]" name="ApplicationSubmit" duration-ms="44233" started-at="2016-09-28T19:45:07Z" finished-at="2016-09-28T19:45:52Z">
          <reporter-output>
          </reporter-output>
        </test-method> <!-- ApplicationSubmit -->
        <test-method status="PASS" signature="EOF()[pri:0, instance:ExecutionEngine.ApplicationSubmitTest@594680]" name="EOF" is-config="true" duration-ms="1051" started-at="2016-09-28T19:45:52Z" finished-at="2016-09-28T19:45:53Z">
          <reporter-output>
          </reporter-output>
        </test-method> <!-- EOF -->
      </class> <!-- ExecutionEngine.ApplicationSubmitTest -->
    </test> <!-- Default test -->
  </suite> <!-- Default suite -->
</testng-results>
